0 info it worked if it ends with ok
1 verbose cli [ '/Users/rairu/.nodebrew/node/v4.2.0/bin/node',
1 verbose cli   '/Users/rairu/.nodebrew/current/bin/npm',
1 verbose cli   'start' ]
2 info using npm@3.3.9
3 info using node@v4.2.0
4 verbose run-script [ 'prestart', 'start', 'poststart' ]
5 info lifecycle seminar-web-shooting@1.0.0~prestart: seminar-web-shooting@1.0.0
6 silly lifecycle seminar-web-shooting@1.0.0~prestart: no script for prestart, continuing
7 info lifecycle seminar-web-shooting@1.0.0~start: seminar-web-shooting@1.0.0
8 verbose lifecycle seminar-web-shooting@1.0.0~start: unsafe-perm in lifecycle true
9 verbose lifecycle seminar-web-shooting@1.0.0~start: PATH: /Users/rairu/.nodebrew/node/v4.2.0/lib/node_modules/npm/bin/node-gyp-bin:/Users/rairu/Repository/seminar-web-shooting/node_modules/.bin:/Users/rairu/.nodebrew/current/bin:/usr/local/bin:/usr/bin:/bin:/usr/sbin:/sbin:/opt/X11/bin:/bin:/usr/bin:/usr/local/bin
10 verbose lifecycle seminar-web-shooting@1.0.0~start: CWD: /Users/rairu/Repository/seminar-web-shooting
11 silly lifecycle seminar-web-shooting@1.0.0~start: Args: [ '-c', 'nodemon server.js' ]
12 silly lifecycle seminar-web-shooting@1.0.0~start: Returned: code: 1  signal: null
13 info lifecycle seminar-web-shooting@1.0.0~start: Failed to exec start script
14 verbose stack Error: seminar-web-shooting@1.0.0 start: `nodemon server.js`
14 verbose stack Exit status 1
14 verbose stack     at EventEmitter.<anonymous> (/Users/rairu/.nodebrew/node/v4.2.0/lib/node_modules/npm/lib/utils/lifecycle.js:233:16)
14 verbose stack     at emitTwo (events.js:87:13)
14 verbose stack     at EventEmitter.emit (events.js:172:7)
14 verbose stack     at ChildProcess.<anonymous> (/Users/rairu/.nodebrew/node/v4.2.0/lib/node_modules/npm/lib/utils/spawn.js:24:14)
14 verbose stack     at emitTwo (events.js:87:13)
14 verbose stack     at ChildProcess.emit (events.js:172:7)
14 verbose stack     at maybeClose (internal/child_process.js:818:16)
14 verbose stack     at Process.ChildProcess._handle.onexit (internal/child_process.js:211:5)
15 verbose pkgid seminar-web-shooting@1.0.0
16 verbose cwd /Users/rairu/Repository/seminar-web-shooting
17 error Darwin 15.4.0
18 error argv "/Users/rairu/.nodebrew/node/v4.2.0/bin/node" "/Users/rairu/.nodebrew/current/bin/npm" "start"
19 error node v4.2.0
20 error npm  v3.3.9
21 error code ELIFECYCLE
22 error seminar-web-shooting@1.0.0 start: `nodemon server.js`
22 error Exit status 1
23 error Failed at the seminar-web-shooting@1.0.0 start script 'nodemon server.js'.
23 error This is most likely a problem with the seminar-web-shooting package,
23 error not with npm itself.
23 error Tell the author that this fails on your system:
23 error     nodemon server.js
23 error You can get their info via:
23 error     npm owner ls seminar-web-shooting
23 error There is likely additional logging output above.
24 verbose exit [ 1, true ]
